2024-05-25 13:37:05,653 - INFO - Cycle number = 1
2024-05-25 13:37:05,677 - INFO - 11 CSV files copied successfully
2024-05-25 13:37:05,677 - ERROR - Cannot read parameters file for EURUSD60, added to list for training. Error: [Errno 2] No such file or directory: '/home/pouria/project/trained_models/EURUSD60_parameters.pkl'
2024-05-25 13:37:05,677 - ERROR - Cannot read parameters file for AUDCAD60, added to list for training. Error: [Errno 2] No such file or directory: '/home/pouria/project/trained_models/AUDCAD60_parameters.pkl'
2024-05-25 13:37:05,678 - ERROR - Cannot read parameters file for AUDCHF60, added to list for training. Error: [Errno 2] No such file or directory: '/home/pouria/project/trained_models/AUDCHF60_parameters.pkl'
2024-05-25 13:37:05,678 - ERROR - Cannot read parameters file for AUDNZD60, added to list for training. Error: [Errno 2] No such file or directory: '/home/pouria/project/trained_models/AUDNZD60_parameters.pkl'
2024-05-25 13:37:05,678 - ERROR - Cannot read parameters file for AUDUSD60, added to list for training. Error: [Errno 2] No such file or directory: '/home/pouria/project/trained_models/AUDUSD60_parameters.pkl'
2024-05-25 13:37:05,678 - ERROR - Cannot read parameters file for EURAUD60, added to list for training. Error: [Errno 2] No such file or directory: '/home/pouria/project/trained_models/EURAUD60_parameters.pkl'
2024-05-25 13:37:05,678 - ERROR - Cannot read parameters file for EURCHF60, added to list for training. Error: [Errno 2] No such file or directory: '/home/pouria/project/trained_models/EURCHF60_parameters.pkl'
2024-05-25 13:37:05,678 - ERROR - Cannot read parameters file for EURGBP60, added to list for training. Error: [Errno 2] No such file or directory: '/home/pouria/project/trained_models/EURGBP60_parameters.pkl'
2024-05-25 13:37:05,678 - ERROR - Cannot read parameters file for GBPUSD60, added to list for training. Error: [Errno 2] No such file or directory: '/home/pouria/project/trained_models/GBPUSD60_parameters.pkl'
2024-05-25 13:37:05,678 - ERROR - Cannot read parameters file for USDCAD60, added to list for training. Error: [Errno 2] No such file or directory: '/home/pouria/project/trained_models/USDCAD60_parameters.pkl'
2024-05-25 13:37:05,678 - ERROR - Cannot read parameters file for USDCHF60, added to list for training. Error: [Errno 2] No such file or directory: '/home/pouria/project/trained_models/USDCHF60_parameters.pkl'
2024-05-25 13:37:05,678 - INFO - Currency list length: 11
2024-05-25 13:37:05,678 - INFO - Concurrency level: 11
2024-05-25 18:05:33,251 - INFO - AUDUSD60 >>> Population: 300 & Generation: -1/30 & Best fitness = [0.6490765171503957]
2024-05-25 18:06:50,310 - INFO - AUDCAD60 >>> Population: 300 & Generation: -1/30 & Best fitness = [0.7286821705426356]
2024-05-25 18:10:11,917 - INFO - GBPUSD60 >>> Population: 300 & Generation: -1/30 & Best fitness = [0.6122448979591837]
2024-05-25 18:10:15,050 - INFO - USDCAD60 >>> Population: 300 & Generation: -1/30 & Best fitness = [0.6268656716417911]
2024-05-25 18:10:18,993 - INFO - EURAUD60 >>> Population: 300 & Generation: -1/30 & Best fitness = [0.5288135593220339]
2024-05-25 18:12:47,762 - INFO - EURGBP60 >>> Population: 300 & Generation: -1/30 & Best fitness = [0.7763713080168776]
2024-05-25 18:15:58,485 - INFO - USDCHF60 >>> Population: 300 & Generation: -1/30 & Best fitness = [0.7601809954751131]
2024-05-25 18:20:07,542 - INFO - EURCHF60 >>> Population: 300 & Generation: -1/30 & Best fitness = [0.7630769230769231]
2024-05-25 18:29:14,951 - INFO - AUDCHF60 >>> Population: 300 & Generation: -1/30 & Best fitness = [0.8018433179723502]
2024-05-25 18:34:13,881 - INFO - EURUSD60 >>> Population: 300 & Generation: -1/30 & Best fitness = [0.672645739910314]
2024-05-25 18:44:18,009 - INFO - AUDNZD60 >>> Population: 300 & Generation: -1/30 & Best fitness = [0.6666666666666666]
2024-05-25 19:08:15,380 - INFO - AUDCAD60 >>> Population: 300 & Generation: 0/30 & Best fitness = [0.6551724137931034]
2024-05-25 19:11:57,812 - INFO - AUDUSD60 >>> Population: 300 & Generation: 0/30 & Best fitness = [0.6162162162162163]
2024-05-25 19:23:36,579 - INFO - GBPUSD60 >>> Population: 300 & Generation: 0/30 & Best fitness = [0]
2024-05-25 19:29:33,560 - INFO - USDCAD60 >>> Population: 300 & Generation: 0/30 & Best fitness = [0]
2024-05-25 19:34:38,088 - INFO - EURAUD60 >>> Population: 300 & Generation: 0/30 & Best fitness = [0.6794871794871795]
2024-05-25 19:42:32,415 - INFO - EURGBP60 >>> Population: 300 & Generation: 0/30 & Best fitness = [0.7407407407407408]
2024-05-25 19:53:29,301 - INFO - USDCHF60 >>> Population: 300 & Generation: 0/30 & Best fitness = [0.7322033898305085]
2024-05-25 20:10:09,997 - INFO - EURCHF60 >>> Population: 300 & Generation: 0/30 & Best fitness = [0.6583850931677019]
2024-05-25 20:24:47,745 - INFO - AUDCHF60 >>> Population: 300 & Generation: 0/30 & Best fitness = [0.7432432432432432]
2024-05-25 20:29:46,669 - INFO - EURUSD60 >>> Population: 300 & Generation: 0/30 & Best fitness = [0.5793103448275863]
2024-05-25 20:38:46,949 - INFO - AUDNZD60 >>> Population: 300 & Generation: 0/30 & Best fitness = [0]
2024-05-25 21:09:43,389 - INFO - AUDCAD60 >>> Population: 300 & Generation: 1/30 & Best fitness = [0.7681159420289855]
2024-05-25 21:18:33,463 - INFO - AUDUSD60 >>> Population: 300 & Generation: 1/30 & Best fitness = [0.6108786610878661]
2024-05-25 21:24:39,383 - INFO - USDCAD60 >>> Population: 300 & Generation: 1/30 & Best fitness = [0.5316455696202531]
2024-05-25 21:33:45,780 - INFO - EURAUD60 >>> Population: 300 & Generation: 1/30 & Best fitness = [0.6933333333333334]
2024-05-25 21:41:58,896 - INFO - GBPUSD60 >>> Population: 300 & Generation: 1/30 & Best fitness = [0]
2024-05-25 21:50:22,235 - INFO - EURGBP60 >>> Population: 300 & Generation: 1/30 & Best fitness = [0.6735751295336787]
2024-05-25 21:54:27,008 - INFO - USDCHF60 >>> Population: 300 & Generation: 1/30 & Best fitness = [0.7397260273972602]
2024-05-25 22:12:38,759 - INFO - EURCHF60 >>> Population: 300 & Generation: 1/30 & Best fitness = [0.7402597402597403]
2024-05-25 22:44:34,642 - INFO - AUDNZD60 >>> Population: 300 & Generation: 1/30 & Best fitness = [0]
2024-05-25 22:44:58,088 - INFO - AUDCHF60 >>> Population: 300 & Generation: 1/30 & Best fitness = [0.7532956685499058]
2024-05-25 22:46:57,273 - INFO - EURUSD60 >>> Population: 300 & Generation: 1/30 & Best fitness = [0]
2024-05-25 23:10:52,164 - INFO - AUDUSD60 >>> Population: 300 & Generation: 2/30 & Best fitness = [0]
2024-05-25 23:11:19,868 - INFO - USDCAD60 >>> Population: 300 & Generation: 2/30 & Best fitness = [0.6896551724137931]
2024-05-25 23:14:40,472 - INFO - AUDCAD60 >>> Population: 300 & Generation: 2/30 & Best fitness = [0.7428571428571429]
2024-05-25 23:27:01,314 - INFO - EURAUD60 >>> Population: 300 & Generation: 2/30 & Best fitness = [0]
2024-05-25 23:27:47,977 - INFO - GBPUSD60 >>> Population: 300 & Generation: 2/30 & Best fitness = [0.6114649681528662]
2024-05-25 23:39:15,478 - INFO - EURGBP60 >>> Population: 300 & Generation: 2/30 & Best fitness = [0.7530364372469636]
2024-05-26 00:00:13,054 - INFO - USDCHF60 >>> Population: 300 & Generation: 2/30 & Best fitness = [0.7128712871287128]
2024-05-26 00:11:01,788 - INFO - EURCHF60 >>> Population: 300 & Generation: 2/30 & Best fitness = [0.7466666666666666]
2024-05-26 00:22:27,263 - INFO - AUDNZD60 >>> Population: 300 & Generation: 2/30 & Best fitness = [0.4909090909090909]
2024-05-26 00:42:50,487 - INFO - AUDCHF60 >>> Population: 300 & Generation: 2/30 & Best fitness = [0.7829787234042553]
2024-05-26 00:45:18,888 - INFO - EURUSD60 >>> Population: 300 & Generation: 2/30 & Best fitness = [0.6575342465753424]
2024-05-26 01:11:24,425 - INFO - AUDUSD60 >>> Population: 300 & Generation: 3/30 & Best fitness = [0.6575342465753424]
2024-05-26 01:22:27,000 - INFO - USDCAD60 >>> Population: 300 & Generation: 3/30 & Best fitness = [0.64]
2024-05-26 01:22:27,788 - INFO - AUDCAD60 >>> Population: 300 & Generation: 3/30 & Best fitness = [0.7971014492753623]
2024-05-26 01:35:57,756 - INFO - EURAUD60 >>> Population: 300 & Generation: 3/30 & Best fitness = [0.6967741935483871]
2024-05-26 01:47:35,195 - INFO - GBPUSD60 >>> Population: 300 & Generation: 3/30 & Best fitness = [0.6923076923076923]
2024-05-26 01:54:47,523 - INFO - EURGBP60 >>> Population: 300 & Generation: 3/30 & Best fitness = [0.7891891891891892]
2024-05-26 02:33:48,739 - INFO - USDCHF60 >>> Population: 300 & Generation: 3/30 & Best fitness = [0.7710144927536232]
2024-05-26 02:38:54,997 - INFO - EURCHF60 >>> Population: 300 & Generation: 3/30 & Best fitness = [0.7357142857142858]
2024-05-26 02:51:14,347 - INFO - AUDNZD60 >>> Population: 300 & Generation: 3/30 & Best fitness = [0.6407766990291263]
2024-05-26 03:20:45,644 - INFO - AUDCHF60 >>> Population: 300 & Generation: 3/30 & Best fitness = [0.792079207920792]
2024-05-26 03:25:42,227 - INFO - EURUSD60 >>> Population: 300 & Generation: 3/30 & Best fitness = [0.6486486486486487]
2024-05-26 04:05:02,340 - INFO - AUDUSD60 >>> Population: 300 & Generation: 4/30 & Best fitness = [0.6428571428571429]
2024-05-26 04:05:45,673 - INFO - AUDCAD60 >>> Population: 300 & Generation: 4/30 & Best fitness = [0.7567567567567567]
2024-05-26 04:06:17,394 - INFO - USDCAD60 >>> Population: 300 & Generation: 4/30 & Best fitness = [0.6875]
2024-05-26 04:21:33,568 - INFO - EURAUD60 >>> Population: 300 & Generation: 4/30 & Best fitness = [0.717391304347826]
2024-05-26 04:29:37,523 - INFO - GBPUSD60 >>> Population: 300 & Generation: 4/30 & Best fitness = [0.6909090909090909]
2024-05-26 04:44:17,278 - INFO - EURGBP60 accuracy is > 0.8, starting model saving process...
2024-05-26 05:14:15,082 - INFO - USDCHF60 >>> Population: 300 & Generation: 4/30 & Best fitness = [0.7652733118971061]
2024-05-26 05:23:15,050 - INFO - Model, feature_indicts, scaler are valid, attempting to save...
2024-05-26 05:23:15,121 - INFO - Model for EURGBP60 saved successfully with fitness 0.8216216216216217
2024-05-26 05:23:15,123 - INFO - EURGBP60 >>> Population: 300 & Generation: 4/30 & Best fitness = [0.8216216216216217]
2024-05-26 05:47:11,111 - INFO - EURCHF60 >>> Population: 300 & Generation: 4/30 & Best fitness = [0.7457627118644068]
2024-05-26 05:53:29,817 - INFO - AUDNZD60 >>> Population: 300 & Generation: 4/30 & Best fitness = [0.5227272727272727]
2024-05-26 06:26:09,021 - INFO - AUDCHF60 >>> Population: 300 & Generation: 4/30 & Best fitness = [0.7411764705882353]
2024-05-26 06:28:54,498 - INFO - EURUSD60 >>> Population: 300 & Generation: 4/30 & Best fitness = [0.7242524916943521]
2024-05-26 06:34:53,284 - INFO - Cycle number = 1
2024-05-26 06:34:53,363 - INFO - 11 CSV files copied successfully
2024-05-26 06:34:53,364 - ERROR - Cannot read parameters file for EURUSD60, added to list for training. Error: [Errno 2] No such file or directory: '/home/pouria/project/trained_models/EURUSD60_parameters.pkl'
2024-05-26 06:34:53,364 - ERROR - Cannot read parameters file for AUDCAD60, added to list for training. Error: [Errno 2] No such file or directory: '/home/pouria/project/trained_models/AUDCAD60_parameters.pkl'
2024-05-26 06:34:53,365 - ERROR - Cannot read parameters file for AUDCHF60, added to list for training. Error: [Errno 2] No such file or directory: '/home/pouria/project/trained_models/AUDCHF60_parameters.pkl'
2024-05-26 06:34:53,365 - ERROR - Cannot read parameters file for AUDNZD60, added to list for training. Error: [Errno 2] No such file or directory: '/home/pouria/project/trained_models/AUDNZD60_parameters.pkl'
2024-05-26 06:34:53,366 - ERROR - Cannot read parameters file for AUDUSD60, added to list for training. Error: [Errno 2] No such file or directory: '/home/pouria/project/trained_models/AUDUSD60_parameters.pkl'
2024-05-26 06:34:53,366 - ERROR - Cannot read parameters file for EURAUD60, added to list for training. Error: [Errno 2] No such file or directory: '/home/pouria/project/trained_models/EURAUD60_parameters.pkl'
2024-05-26 06:34:53,366 - ERROR - Cannot read parameters file for EURCHF60, added to list for training. Error: [Errno 2] No such file or directory: '/home/pouria/project/trained_models/EURCHF60_parameters.pkl'
2024-05-26 06:34:53,412 - INFO - Percent change for EURGBP60 is 0.0
2024-05-26 06:34:53,432 - ERROR - Cannot read parameters file for GBPUSD60, added to list for training. Error: [Errno 2] No such file or directory: '/home/pouria/project/trained_models/GBPUSD60_parameters.pkl'
2024-05-26 06:34:53,432 - ERROR - Cannot read parameters file for USDCAD60, added to list for training. Error: [Errno 2] No such file or directory: '/home/pouria/project/trained_models/USDCAD60_parameters.pkl'
2024-05-26 06:34:53,432 - ERROR - Cannot read parameters file for USDCHF60, added to list for training. Error: [Errno 2] No such file or directory: '/home/pouria/project/trained_models/USDCHF60_parameters.pkl'
2024-05-26 06:34:53,432 - INFO - Currency list length: 10
2024-05-26 06:34:53,432 - INFO - Concurrency level: 10
2024-05-26 06:37:34,505 - INFO - Cycle number = 1
2024-05-26 06:37:34,534 - INFO - 11 CSV files copied successfully
2024-05-26 06:37:34,534 - ERROR - Cannot read parameters file for EURUSD60, added to list for training. Error: [Errno 2] No such file or directory: '/home/pouria/project/trained_models/EURUSD60_parameters.pkl'
2024-05-26 06:37:34,534 - ERROR - Cannot read parameters file for AUDCAD60, added to list for training. Error: [Errno 2] No such file or directory: '/home/pouria/project/trained_models/AUDCAD60_parameters.pkl'
2024-05-26 06:37:34,534 - ERROR - Cannot read parameters file for AUDCHF60, added to list for training. Error: [Errno 2] No such file or directory: '/home/pouria/project/trained_models/AUDCHF60_parameters.pkl'
2024-05-26 06:37:34,535 - ERROR - Cannot read parameters file for AUDNZD60, added to list for training. Error: [Errno 2] No such file or directory: '/home/pouria/project/trained_models/AUDNZD60_parameters.pkl'
2024-05-26 06:37:34,535 - ERROR - Cannot read parameters file for AUDUSD60, added to list for training. Error: [Errno 2] No such file or directory: '/home/pouria/project/trained_models/AUDUSD60_parameters.pkl'
2024-05-26 06:37:34,535 - ERROR - Cannot read parameters file for EURAUD60, added to list for training. Error: [Errno 2] No such file or directory: '/home/pouria/project/trained_models/EURAUD60_parameters.pkl'
2024-05-26 06:37:34,535 - ERROR - Cannot read parameters file for EURCHF60, added to list for training. Error: [Errno 2] No such file or directory: '/home/pouria/project/trained_models/EURCHF60_parameters.pkl'
2024-05-26 06:37:34,535 - ERROR - Cannot read parameters file for EURGBP60, added to list for training. Error: [Errno 2] No such file or directory: '/home/pouria/project/trained_models/EURGBP60_parameters.pkl'
2024-05-26 06:37:34,535 - ERROR - Cannot read parameters file for GBPUSD60, added to list for training. Error: [Errno 2] No such file or directory: '/home/pouria/project/trained_models/GBPUSD60_parameters.pkl'
2024-05-26 06:37:34,536 - ERROR - Cannot read parameters file for USDCAD60, added to list for training. Error: [Errno 2] No such file or directory: '/home/pouria/project/trained_models/USDCAD60_parameters.pkl'
2024-05-26 06:37:34,536 - ERROR - Cannot read parameters file for USDCHF60, added to list for training. Error: [Errno 2] No such file or directory: '/home/pouria/project/trained_models/USDCHF60_parameters.pkl'
2024-05-26 06:37:34,536 - INFO - Currency list length: 11
2024-05-26 06:37:34,536 - INFO - Concurrency level: 11
2024-05-26 09:26:55,680 - INFO - EURGBP60 >>> Population: 200 & Generation: -1/30 & Best fitness = [0.6777777777777777]
2024-05-26 09:28:58,430 - INFO - USDCAD60 >>> Population: 200 & Generation: -1/30 & Best fitness = [0.5954198473282443]
2024-05-26 09:31:35,820 - INFO - EURUSD60 >>> Population: 200 & Generation: -1/30 & Best fitness = [0.7164179104477612]
2024-05-26 09:32:03,154 - INFO - EURAUD60 >>> Population: 200 & Generation: -1/30 & Best fitness = [0.7034482758620689]
2024-05-26 09:34:50,651 - INFO - USDCHF60 >>> Population: 200 & Generation: -1/30 & Best fitness = [0.6430678466076696]
2024-05-26 09:37:50,817 - INFO - AUDCHF60 >>> Population: 200 & Generation: -1/30 & Best fitness = [0.7649769585253456]
2024-05-26 09:38:28,448 - INFO - GBPUSD60 >>> Population: 200 & Generation: -1/30 & Best fitness = [0]
2024-05-26 09:38:46,124 - INFO - AUDNZD60 >>> Population: 200 & Generation: -1/30 & Best fitness = [0.5823389021479713]
2024-05-26 09:38:46,553 - INFO - EURCHF60 >>> Population: 200 & Generation: -1/30 & Best fitness = [0.7773279352226721]
2024-05-26 09:39:41,294 - INFO - AUDCAD60 >>> Population: 200 & Generation: -1/30 & Best fitness = [0.7102803738317757]
2024-05-26 10:01:54,950 - INFO - EURGBP60 >>> Population: 200 & Generation: 0/30 & Best fitness = [0.6336633663366337]
2024-05-26 10:03:03,605 - INFO - AUDUSD60 >>> Population: 200 & Generation: -1/30 & Best fitness = [0.6528497409326425]
2024-05-26 10:06:29,271 - INFO - USDCAD60 >>> Population: 200 & Generation: 0/30 & Best fitness = [0]
2024-05-26 10:24:22,302 - INFO - EURUSD60 >>> Population: 200 & Generation: 0/30 & Best fitness = [0]
2024-05-26 10:44:45,586 - INFO - GBPUSD60 >>> Population: 200 & Generation: 0/30 & Best fitness = [0]
2024-05-26 10:47:19,465 - INFO - EURAUD60 >>> Population: 200 & Generation: 0/30 & Best fitness = [0]
2024-05-26 10:48:06,030 - INFO - USDCHF60 >>> Population: 200 & Generation: 0/30 & Best fitness = [0]
2024-05-26 10:57:41,053 - INFO - AUDCHF60 >>> Population: 200 & Generation: 0/30 & Best fitness = [0.783625730994152]
2024-05-26 11:07:15,211 - INFO - EURCHF60 >>> Population: 200 & Generation: 0/30 & Best fitness = [0.7222222222222222]
2024-05-26 11:10:54,153 - INFO - AUDCAD60 >>> Population: 200 & Generation: 0/30 & Best fitness = [0.6511627906976745]
2024-05-26 11:11:32,776 - INFO - AUDNZD60 >>> Population: 200 & Generation: 0/30 & Best fitness = [0.6062717770034843]
2024-05-26 11:12:17,479 - INFO - EURGBP60 >>> Population: 200 & Generation: 1/30 & Best fitness = [0.7431693989071039]
2024-05-26 11:23:46,380 - INFO - AUDUSD60 >>> Population: 200 & Generation: 0/30 & Best fitness = [0]
2024-05-26 11:26:17,497 - INFO - USDCAD60 >>> Population: 200 & Generation: 1/30 & Best fitness = [0]
2024-05-26 11:30:43,343 - INFO - EURUSD60 >>> Population: 200 & Generation: 1/30 & Best fitness = [0.5853658536585366]
2024-05-26 11:41:37,014 - INFO - GBPUSD60 >>> Population: 200 & Generation: 1/30 & Best fitness = [0]
2024-05-26 11:50:28,441 - INFO - EURAUD60 >>> Population: 200 & Generation: 1/30 & Best fitness = [0.4397163120567376]
2024-05-26 12:02:57,771 - INFO - USDCHF60 >>> Population: 200 & Generation: 1/30 & Best fitness = [0.6424870466321243]
2024-05-26 12:21:18,638 - INFO - EURCHF60 >>> Population: 200 & Generation: 1/30 & Best fitness = [0.725]
2024-05-26 12:24:26,617 - INFO - AUDCAD60 >>> Population: 200 & Generation: 1/30 & Best fitness = [0.7476635514018691]
2024-05-26 12:38:28,055 - INFO - AUDNZD60 >>> Population: 200 & Generation: 1/30 & Best fitness = [0]
2024-05-26 12:38:45,858 - INFO - AUDCHF60 >>> Population: 200 & Generation: 1/30 & Best fitness = [0.7706422018348624]
2024-05-26 12:44:08,206 - INFO - AUDUSD60 >>> Population: 200 & Generation: 1/30 & Best fitness = [0]
2024-05-26 12:45:38,942 - INFO - USDCAD60 >>> Population: 200 & Generation: 2/30 & Best fitness = [0.651685393258427]
2024-05-26 12:47:09,520 - INFO - EURGBP60 >>> Population: 200 & Generation: 2/30 & Best fitness = [0.7616099071207431]
2024-05-26 12:55:19,379 - INFO - EURUSD60 >>> Population: 200 & Generation: 2/30 & Best fitness = [0.7155963302752294]
2024-05-26 13:03:01,057 - INFO - GBPUSD60 >>> Population: 200 & Generation: 2/30 & Best fitness = [0.5934065934065934]
2024-05-26 13:07:10,676 - INFO - EURAUD60 >>> Population: 200 & Generation: 2/30 & Best fitness = [0]
2024-05-26 13:24:43,679 - INFO - USDCHF60 >>> Population: 200 & Generation: 2/30 & Best fitness = [0.729064039408867]
2024-05-26 13:29:50,003 - INFO - Cycle number = 1
2024-05-26 13:29:50,030 - INFO - 11 CSV files copied successfully
2024-05-26 13:29:50,031 - ERROR - Cannot read parameters file for EURUSD60, added to list for training. Error: [Errno 2] No such file or directory: '/home/pouria/project/trained_models/EURUSD60_parameters.pkl'
2024-05-26 13:29:50,031 - ERROR - Cannot read parameters file for AUDCAD60, added to list for training. Error: [Errno 2] No such file or directory: '/home/pouria/project/trained_models/AUDCAD60_parameters.pkl'
2024-05-26 13:29:50,031 - ERROR - Cannot read parameters file for AUDCHF60, added to list for training. Error: [Errno 2] No such file or directory: '/home/pouria/project/trained_models/AUDCHF60_parameters.pkl'
2024-05-26 13:29:50,032 - ERROR - Cannot read parameters file for AUDNZD60, added to list for training. Error: [Errno 2] No such file or directory: '/home/pouria/project/trained_models/AUDNZD60_parameters.pkl'
2024-05-26 13:29:50,032 - ERROR - Cannot read parameters file for AUDUSD60, added to list for training. Error: [Errno 2] No such file or directory: '/home/pouria/project/trained_models/AUDUSD60_parameters.pkl'
2024-05-26 13:29:50,032 - ERROR - Cannot read parameters file for EURAUD60, added to list for training. Error: [Errno 2] No such file or directory: '/home/pouria/project/trained_models/EURAUD60_parameters.pkl'
2024-05-26 13:29:50,032 - ERROR - Cannot read parameters file for EURCHF60, added to list for training. Error: [Errno 2] No such file or directory: '/home/pouria/project/trained_models/EURCHF60_parameters.pkl'
2024-05-26 13:29:50,032 - ERROR - Cannot read parameters file for EURGBP60, added to list for training. Error: [Errno 2] No such file or directory: '/home/pouria/project/trained_models/EURGBP60_parameters.pkl'
2024-05-26 13:29:50,033 - ERROR - Cannot read parameters file for GBPUSD60, added to list for training. Error: [Errno 2] No such file or directory: '/home/pouria/project/trained_models/GBPUSD60_parameters.pkl'
2024-05-26 13:29:50,033 - ERROR - Cannot read parameters file for USDCAD60, added to list for training. Error: [Errno 2] No such file or directory: '/home/pouria/project/trained_models/USDCAD60_parameters.pkl'
2024-05-26 13:29:50,033 - ERROR - Cannot read parameters file for USDCHF60, added to list for training. Error: [Errno 2] No such file or directory: '/home/pouria/project/trained_models/USDCHF60_parameters.pkl'
2024-05-26 13:29:50,033 - INFO - Currency list length: 11
2024-05-26 13:29:50,033 - INFO - Concurrency level: 11
2024-05-26 17:41:56,572 - INFO - USDCHF60 >>> Population: 300 & Generation: -1/30 & Best fitness = [0.6859903381642513]
2024-05-26 17:47:12,104 - INFO - AUDCHF60 >>> Population: 300 & Generation: -1/30 & Best fitness = [0.763819095477387]
2024-05-26 17:47:33,054 - INFO - EURAUD60 >>> Population: 300 & Generation: -1/30 & Best fitness = [0.5698924731182796]
2024-05-26 17:49:14,960 - INFO - AUDUSD60 >>> Population: 300 & Generation: -1/30 & Best fitness = [0.6890756302521008]
2024-05-26 17:50:14,281 - INFO - GBPUSD60 >>> Population: 300 & Generation: -1/30 & Best fitness = [0.6403162055335968]
2024-05-26 17:50:48,880 - INFO - AUDCAD60 >>> Population: 300 & Generation: -1/30 & Best fitness = [0.7898089171974523]
2024-05-26 17:50:57,052 - INFO - EURGBP60 >>> Population: 300 & Generation: -1/30 & Best fitness = [0.7]
2024-05-26 17:52:11,119 - INFO - USDCAD60 >>> Population: 300 & Generation: -1/30 & Best fitness = [0.7208480565371024]
2024-05-26 17:53:18,828 - INFO - AUDNZD60 >>> Population: 300 & Generation: -1/30 & Best fitness = [0.5854922279792746]
2024-05-26 18:31:28,082 - INFO - USDCHF60 >>> Population: 300 & Generation: 0/30 & Best fitness = [0.65]
2024-05-26 18:38:03,526 - INFO - EURUSD60 >>> Population: 300 & Generation: -1/30 & Best fitness = [0.5772357723577237]
2024-05-26 18:40:43,568 - INFO - EURCHF60 >>> Population: 300 & Generation: -1/30 & Best fitness = [0.7951807228915663]
2024-05-26 18:44:29,197 - INFO - AUDCHF60 >>> Population: 300 & Generation: 0/30 & Best fitness = [0.72]
2024-05-26 18:59:52,039 - INFO - EURAUD60 >>> Population: 300 & Generation: 0/30 & Best fitness = [0.5921787709497207]
2024-05-26 19:03:16,610 - INFO - AUDUSD60 >>> Population: 300 & Generation: 0/30 & Best fitness = [0.7738693467336683]
2024-05-26 19:18:19,373 - INFO - GBPUSD60 >>> Population: 300 & Generation: 0/30 & Best fitness = [0]
2024-05-26 19:29:16,781 - INFO - AUDCAD60 >>> Population: 300 & Generation: 0/30 & Best fitness = [0.7292817679558011]
2024-05-26 19:32:51,777 - INFO - EURGBP60 >>> Population: 300 & Generation: 0/30 & Best fitness = [0.777027027027027]
2024-05-26 19:54:13,972 - INFO - AUDNZD60 >>> Population: 300 & Generation: 0/30 & Best fitness = [0.6219512195121951]
2024-05-26 19:54:54,509 - INFO - USDCAD60 >>> Population: 300 & Generation: 0/30 & Best fitness = [0]
2024-05-26 20:07:22,807 - INFO - USDCHF60 >>> Population: 300 & Generation: 1/30 & Best fitness = [0.6963562753036437]
2024-05-26 20:20:36,780 - INFO - EURUSD60 >>> Population: 300 & Generation: 0/30 & Best fitness = [0.5327102803738317]
2024-05-26 20:29:34,436 - INFO - EURCHF60 >>> Population: 300 & Generation: 0/30 & Best fitness = [0.7022222222222222]
2024-05-26 20:36:48,899 - INFO - AUDCHF60 >>> Population: 300 & Generation: 1/30 & Best fitness = [0.7692307692307693]
2024-05-26 20:55:49,732 - INFO - AUDUSD60 >>> Population: 300 & Generation: 1/30 & Best fitness = [0.6731707317073171]
2024-05-26 21:00:30,224 - INFO - EURAUD60 >>> Population: 300 & Generation: 1/30 & Best fitness = [0]
2024-05-26 21:15:48,422 - INFO - GBPUSD60 >>> Population: 300 & Generation: 1/30 & Best fitness = [0.6407766990291263]
2024-05-26 21:23:41,575 - INFO - AUDCAD60 >>> Population: 300 & Generation: 1/30 & Best fitness = [0.7479674796747967]
2024-05-26 21:34:01,806 - INFO - EURGBP60 >>> Population: 300 & Generation: 1/30 & Best fitness = [0.7192982456140351]
2024-05-26 21:42:32,889 - INFO - AUDNZD60 >>> Population: 300 & Generation: 1/30 & Best fitness = [0.6547619047619048]
2024-05-26 22:00:26,767 - INFO - USDCAD60 >>> Population: 300 & Generation: 1/30 & Best fitness = [0.6174496644295302]
2024-05-26 22:15:00,333 - INFO - USDCHF60 >>> Population: 300 & Generation: 2/30 & Best fitness = [0.7021276595744681]
2024-05-26 22:17:30,432 - INFO - EURUSD60 >>> Population: 300 & Generation: 1/30 & Best fitness = [0]
2024-05-26 22:46:02,902 - INFO - EURCHF60 >>> Population: 300 & Generation: 1/30 & Best fitness = [0.7251461988304093]
2024-05-26 22:48:43,537 - INFO - AUDCHF60 >>> Population: 300 & Generation: 2/30 & Best fitness = [0.7398843930635839]
2024-05-26 23:09:19,503 - INFO - AUDUSD60 accuracy is > 0.8, starting model saving process...
2024-05-26 23:22:47,201 - INFO - EURAUD60 >>> Population: 300 & Generation: 2/30 & Best fitness = [0.6307053941908713]
2024-05-26 23:37:44,602 - INFO - AUDCAD60 >>> Population: 300 & Generation: 2/30 & Best fitness = [0.7480916030534351]
2024-05-26 23:42:26,714 - INFO - GBPUSD60 >>> Population: 300 & Generation: 2/30 & Best fitness = [0.639269406392694]
2024-05-26 23:49:45,186 - INFO - EURGBP60 accuracy is > 0.8, starting model saving process...
2024-05-27 00:18:32,826 - INFO - AUDNZD60 >>> Population: 300 & Generation: 2/30 & Best fitness = [0.6041666666666667]
2024-05-27 00:29:04,870 - INFO - USDCAD60 >>> Population: 300 & Generation: 2/30 & Best fitness = [0.669603524229075]
2024-05-27 00:44:15,016 - INFO - USDCHF60 >>> Population: 300 & Generation: 3/30 & Best fitness = [0.7777777777777778]
2024-05-27 01:07:11,902 - INFO - EURUSD60 >>> Population: 300 & Generation: 2/30 & Best fitness = [0]
2024-05-27 01:15:17,964 - INFO - EURCHF60 >>> Population: 300 & Generation: 2/30 & Best fitness = [0.7183098591549296]
2024-05-27 01:29:38,162 - INFO - AUDCHF60 accuracy is > 0.8, starting model saving process...
2024-05-27 01:40:02,722 - INFO - EURAUD60 >>> Population: 300 & Generation: 3/30 & Best fitness = [0.6507462686567164]
2024-05-27 01:53:24,442 - INFO - AUDCAD60 >>> Population: 300 & Generation: 3/30 & Best fitness = [0.7611940298507462]
2024-05-27 02:05:12,706 - INFO - AUDNZD60 >>> Population: 300 & Generation: 3/30 & Best fitness = [0.6312292358803987]
2024-05-27 02:08:06,613 - INFO - GBPUSD60 >>> Population: 300 & Generation: 3/30 & Best fitness = [0.6436781609195402]
2024-05-27 02:31:27,610 - INFO - USDCAD60 >>> Population: 300 & Generation: 3/30 & Best fitness = [0.6715328467153284]
2024-05-27 02:57:02,333 - INFO - USDCHF60 >>> Population: 300 & Generation: 4/30 & Best fitness = [0.7389162561576355]
2024-05-27 03:00:02,791 - INFO - EURUSD60 >>> Population: 300 & Generation: 3/30 & Best fitness = [0.59375]
2024-05-27 03:20:07,328 - INFO - EURCHF60 >>> Population: 300 & Generation: 3/30 & Best fitness = [0.7702702702702703]
2024-05-27 03:45:29,341 - INFO - EURAUD60 >>> Population: 300 & Generation: 4/30 & Best fitness = [0.7070707070707071]
2024-05-27 03:46:12,270 - INFO - AUDCAD60 >>> Population: 300 & Generation: 4/30 & Best fitness = [0.7663551401869159]
2024-05-27 04:01:28,080 - INFO - Cycle number = 1
2024-05-27 04:01:28,105 - INFO - 11 CSV files copied successfully
2024-05-27 04:01:28,105 - ERROR - Cannot read parameters file for EURUSD60, added to list for training. Error: [Errno 2] No such file or directory: '/home/pouria/project/trained_models/EURUSD60_parameters.pkl'
2024-05-27 04:01:28,105 - ERROR - Cannot read parameters file for AUDCAD60, added to list for training. Error: [Errno 2] No such file or directory: '/home/pouria/project/trained_models/AUDCAD60_parameters.pkl'
2024-05-27 04:01:28,105 - ERROR - Cannot read parameters file for AUDCHF60, added to list for training. Error: [Errno 2] No such file or directory: '/home/pouria/project/trained_models/AUDCHF60_parameters.pkl'
2024-05-27 04:01:28,106 - ERROR - Cannot read parameters file for AUDNZD60, added to list for training. Error: [Errno 2] No such file or directory: '/home/pouria/project/trained_models/AUDNZD60_parameters.pkl'
2024-05-27 04:01:28,106 - ERROR - Cannot read parameters file for AUDUSD60, added to list for training. Error: [Errno 2] No such file or directory: '/home/pouria/project/trained_models/AUDUSD60_parameters.pkl'
2024-05-27 04:01:28,106 - ERROR - Cannot read parameters file for EURAUD60, added to list for training. Error: [Errno 2] No such file or directory: '/home/pouria/project/trained_models/EURAUD60_parameters.pkl'
2024-05-27 04:01:28,106 - ERROR - Cannot read parameters file for EURCHF60, added to list for training. Error: [Errno 2] No such file or directory: '/home/pouria/project/trained_models/EURCHF60_parameters.pkl'
2024-05-27 04:01:28,106 - ERROR - Cannot read parameters file for EURGBP60, added to list for training. Error: [Errno 2] No such file or directory: '/home/pouria/project/trained_models/EURGBP60_parameters.pkl'
2024-05-27 04:01:28,106 - ERROR - Cannot read parameters file for GBPUSD60, added to list for training. Error: [Errno 2] No such file or directory: '/home/pouria/project/trained_models/GBPUSD60_parameters.pkl'
2024-05-27 04:01:28,106 - ERROR - Cannot read parameters file for USDCAD60, added to list for training. Error: [Errno 2] No such file or directory: '/home/pouria/project/trained_models/USDCAD60_parameters.pkl'
2024-05-27 04:01:28,106 - ERROR - Cannot read parameters file for USDCHF60, added to list for training. Error: [Errno 2] No such file or directory: '/home/pouria/project/trained_models/USDCHF60_parameters.pkl'
2024-05-27 04:01:28,106 - INFO - Currency list length: 11
2024-05-27 04:01:28,106 - INFO - Concurrency level: 11
2024-05-27 08:23:16,446 - INFO - GBPUSD60 >>> Population: 300 & Generation: -1/70 & Best fitness = [0.6179775280898876]
2024-05-27 08:31:29,560 - INFO - AUDCAD60 >>> Population: 300 & Generation: -1/70 & Best fitness = [0.6971428571428572]
2024-05-27 08:32:24,142 - INFO - USDCHF60 >>> Population: 300 & Generation: -1/70 & Best fitness = [0.7598944591029023]
2024-05-27 08:32:37,282 - INFO - AUDUSD60 >>> Population: 300 & Generation: -1/70 & Best fitness = [0.6390532544378699]
2024-05-27 08:35:53,078 - INFO - EURAUD60 >>> Population: 300 & Generation: -1/70 & Best fitness = [0]
2024-05-27 08:37:11,364 - INFO - AUDCHF60 >>> Population: 300 & Generation: -1/70 & Best fitness = [0.768361581920904]
2024-05-27 08:38:06,748 - INFO - EURCHF60 >>> Population: 300 & Generation: -1/70 & Best fitness = [0.7415730337078652]
2024-05-27 08:38:13,295 - INFO - EURUSD60 >>> Population: 300 & Generation: -1/70 & Best fitness = [0.6255924170616114]
2024-05-27 08:39:58,296 - INFO - AUDNZD60 >>> Population: 300 & Generation: -1/70 & Best fitness = [0.6875]
2024-05-27 08:40:54,986 - INFO - EURGBP60 >>> Population: 300 & Generation: -1/70 & Best fitness = [0.7730061349693251]
2024-05-27 09:11:59,149 - INFO - USDCAD60 >>> Population: 300 & Generation: -1/70 & Best fitness = [0.6598639455782312]
2024-05-27 09:33:00,203 - INFO - GBPUSD60 >>>> start try 5 best fitness for this model
2024-05-27 09:33:00,208 - ERROR - Model GBPUSD60 >>>> 1/5 not grather than 0.8
2024-05-27 09:33:00,210 - ERROR - Model GBPUSD60 >>>> 2/5 not grather than 0.8
2024-05-27 09:33:00,213 - ERROR - Model GBPUSD60 >>>> 3/5 not grather than 0.8
2024-05-27 09:33:00,216 - ERROR - Model GBPUSD60 >>>> 4/5 not grather than 0.8
2024-05-27 09:33:00,219 - ERROR - Model GBPUSD60 >>>> 5/5 not grather than 0.8
2024-05-27 09:39:52,904 - INFO - AUDCAD60 >>>> start try 5 best fitness for this model
2024-05-27 09:39:52,905 - ERROR - Model AUDCAD60 >>>> 1/5 not grather than 0.8
2024-05-27 09:39:52,905 - ERROR - Model AUDCAD60 >>>> 2/5 not grather than 0.8
2024-05-27 09:39:52,906 - ERROR - Model AUDCAD60 >>>> 3/5 not grather than 0.8
2024-05-27 09:39:52,906 - ERROR - Model AUDCAD60 >>>> 4/5 not grather than 0.8
2024-05-27 09:39:52,907 - ERROR - Model AUDCAD60 >>>> 5/5 not grather than 0.8
2024-05-27 09:41:59,004 - INFO - USDCHF60 >>>> start try 5 best fitness for this model
2024-05-27 09:41:59,006 - ERROR - Model USDCHF60 >>>> 1/5 not grather than 0.8
2024-05-27 09:41:59,007 - ERROR - Model USDCHF60 >>>> 2/5 not grather than 0.8
2024-05-27 09:41:59,007 - ERROR - Model USDCHF60 >>>> 3/5 not grather than 0.8
2024-05-27 09:41:59,008 - ERROR - Model USDCHF60 >>>> 4/5 not grather than 0.8
2024-05-27 09:41:59,009 - ERROR - Model USDCHF60 >>>> 5/5 not grather than 0.8
2024-05-27 09:57:29,111 - INFO - AUDUSD60 >>>> start try 5 best fitness for this model
2024-05-27 09:57:29,112 - ERROR - Model AUDUSD60 >>>> 1/5 not grather than 0.8
2024-05-27 09:57:29,113 - ERROR - Model AUDUSD60 >>>> 2/5 not grather than 0.8
2024-05-27 09:57:29,114 - ERROR - Model AUDUSD60 >>>> 3/5 not grather than 0.8
2024-05-27 09:57:29,115 - ERROR - Model AUDUSD60 >>>> 4/5 not grather than 0.8
2024-05-27 09:57:29,115 - ERROR - Model AUDUSD60 >>>> 5/5 not grather than 0.8
2024-05-27 10:01:57,751 - INFO - EURAUD60 >>>> start try 5 best fitness for this model
2024-05-27 10:01:57,752 - ERROR - Model EURAUD60 >>>> 1/5 not grather than 0.8
2024-05-27 10:01:57,753 - ERROR - Model EURAUD60 >>>> 2/5 not grather than 0.8
2024-05-27 10:01:57,753 - ERROR - Model EURAUD60 >>>> 3/5 not grather than 0.8
2024-05-27 10:01:57,754 - ERROR - Model EURAUD60 >>>> 4/5 not grather than 0.8
2024-05-27 10:01:57,755 - ERROR - Model EURAUD60 >>>> 5/5 not grather than 0.8
2024-05-27 10:12:34,837 - INFO - AUDCHF60 >>>> start try 5 best fitness for this model
2024-05-27 10:12:34,840 - ERROR - Model AUDCHF60 >>>> 1/5 not grather than 0.8
2024-05-27 10:12:34,841 - ERROR - Model AUDCHF60 >>>> 2/5 not grather than 0.8
2024-05-27 10:12:34,841 - ERROR - Model AUDCHF60 >>>> 3/5 not grather than 0.8
2024-05-27 10:12:34,842 - ERROR - Model AUDCHF60 >>>> 4/5 not grather than 0.8
2024-05-27 10:12:34,843 - ERROR - Model AUDCHF60 >>>> 5/5 not grather than 0.8
2024-05-27 10:22:12,168 - INFO - EURCHF60 >>>> start try 5 best fitness for this model
2024-05-27 10:22:12,169 - ERROR - Model EURCHF60 >>>> 1/5 not grather than 0.8
2024-05-27 10:22:12,173 - ERROR - Model EURCHF60 >>>> 2/5 not grather than 0.8
2024-05-27 10:22:12,176 - ERROR - Model EURCHF60 >>>> 3/5 not grather than 0.8
2024-05-27 10:22:12,179 - ERROR - Model EURCHF60 >>>> 4/5 not grather than 0.8
2024-05-27 10:22:12,180 - ERROR - Model EURCHF60 >>>> 5/5 not grather than 0.8
2024-05-27 10:46:11,207 - INFO - EURUSD60 >>>> start try 5 best fitness for this model
2024-05-27 10:46:11,208 - ERROR - Model EURUSD60 >>>> 1/5 not grather than 0.8
2024-05-27 10:46:11,209 - ERROR - Model EURUSD60 >>>> 2/5 not grather than 0.8
2024-05-27 10:46:11,209 - ERROR - Model EURUSD60 >>>> 3/5 not grather than 0.8
2024-05-27 10:46:11,210 - ERROR - Model EURUSD60 >>>> 4/5 not grather than 0.8
2024-05-27 10:46:11,210 - ERROR - Model EURUSD60 >>>> 5/5 not grather than 0.8
2024-05-27 11:01:27,323 - INFO - EURGBP60 >>>> start try 5 best fitness for this model
2024-05-27 11:01:27,324 - ERROR - Model EURGBP60 >>>> 1/5 not grather than 0.8
2024-05-27 11:01:27,324 - ERROR - Model EURGBP60 >>>> 2/5 not grather than 0.8
2024-05-27 11:01:27,325 - ERROR - Model EURGBP60 >>>> 3/5 not grather than 0.8
2024-05-27 11:01:27,326 - ERROR - Model EURGBP60 >>>> 4/5 not grather than 0.8
2024-05-27 11:01:27,327 - ERROR - Model EURGBP60 >>>> 5/5 not grather than 0.8
2024-05-27 11:02:29,682 - INFO - AUDNZD60 >>>> start try 5 best fitness for this model
2024-05-27 11:02:29,688 - ERROR - Model AUDNZD60 >>>> 1/5 not grather than 0.8
2024-05-27 11:02:29,693 - ERROR - Model AUDNZD60 >>>> 2/5 not grather than 0.8
2024-05-27 11:02:29,698 - ERROR - Model AUDNZD60 >>>> 3/5 not grather than 0.8
2024-05-27 11:02:29,703 - ERROR - Model AUDNZD60 >>>> 4/5 not grather than 0.8
2024-05-27 11:02:29,707 - ERROR - Model AUDNZD60 >>>> 5/5 not grather than 0.8
2024-05-27 11:15:35,641 - INFO - USDCAD60 >>>> start try 5 best fitness for this model
2024-05-27 11:15:35,642 - ERROR - Model USDCAD60 >>>> 1/5 not grather than 0.8
2024-05-27 11:15:35,642 - ERROR - Model USDCAD60 >>>> 2/5 not grather than 0.8
2024-05-27 11:15:35,643 - ERROR - Model USDCAD60 >>>> 3/5 not grather than 0.8
2024-05-27 11:15:35,643 - ERROR - Model USDCAD60 >>>> 4/5 not grather than 0.8
2024-05-27 11:15:35,644 - ERROR - Model USDCAD60 >>>> 5/5 not grather than 0.8
2024-05-27 11:19:36,740 - INFO - GBPUSD60 >>>> start try 5 best fitness for this model
2024-05-27 11:19:36,742 - ERROR - Model GBPUSD60 >>>> 1/5 not grather than 0.8
2024-05-27 11:19:36,742 - ERROR - Model GBPUSD60 >>>> 2/5 not grather than 0.8
2024-05-27 11:19:36,743 - ERROR - Model GBPUSD60 >>>> 3/5 not grather than 0.8
2024-05-27 11:19:36,744 - ERROR - Model GBPUSD60 >>>> 4/5 not grather than 0.8
2024-05-27 11:19:36,745 - ERROR - Model GBPUSD60 >>>> 5/5 not grather than 0.8
2024-05-27 11:35:54,650 - INFO - Cycle number = 1
2024-05-27 11:35:54,674 - INFO - 11 CSV files copied successfully
2024-05-27 11:35:54,675 - ERROR - Cannot read parameters file for EURUSD60, added to list for training. Error: [Errno 2] No such file or directory: '/home/pouria/project/trained_models/EURUSD60_parameters.pkl'
2024-05-27 11:35:54,675 - ERROR - Cannot read parameters file for AUDCAD60, added to list for training. Error: [Errno 2] No such file or directory: '/home/pouria/project/trained_models/AUDCAD60_parameters.pkl'
2024-05-27 11:35:54,675 - ERROR - Cannot read parameters file for AUDCHF60, added to list for training. Error: [Errno 2] No such file or directory: '/home/pouria/project/trained_models/AUDCHF60_parameters.pkl'
2024-05-27 11:35:54,675 - ERROR - Cannot read parameters file for AUDNZD60, added to list for training. Error: [Errno 2] No such file or directory: '/home/pouria/project/trained_models/AUDNZD60_parameters.pkl'
2024-05-27 11:35:54,675 - ERROR - Cannot read parameters file for AUDUSD60, added to list for training. Error: [Errno 2] No such file or directory: '/home/pouria/project/trained_models/AUDUSD60_parameters.pkl'
2024-05-27 11:35:54,675 - ERROR - Cannot read parameters file for EURAUD60, added to list for training. Error: [Errno 2] No such file or directory: '/home/pouria/project/trained_models/EURAUD60_parameters.pkl'
2024-05-27 11:35:54,675 - ERROR - Cannot read parameters file for EURCHF60, added to list for training. Error: [Errno 2] No such file or directory: '/home/pouria/project/trained_models/EURCHF60_parameters.pkl'
2024-05-27 11:35:54,675 - ERROR - Cannot read parameters file for EURGBP60, added to list for training. Error: [Errno 2] No such file or directory: '/home/pouria/project/trained_models/EURGBP60_parameters.pkl'
2024-05-27 11:35:54,675 - ERROR - Cannot read parameters file for GBPUSD60, added to list for training. Error: [Errno 2] No such file or directory: '/home/pouria/project/trained_models/GBPUSD60_parameters.pkl'
2024-05-27 11:35:54,675 - ERROR - Cannot read parameters file for USDCAD60, added to list for training. Error: [Errno 2] No such file or directory: '/home/pouria/project/trained_models/USDCAD60_parameters.pkl'
2024-05-27 11:35:54,675 - ERROR - Cannot read parameters file for USDCHF60, added to list for training. Error: [Errno 2] No such file or directory: '/home/pouria/project/trained_models/USDCHF60_parameters.pkl'
2024-05-27 11:35:54,675 - INFO - Currency list length: 11
2024-05-27 11:35:54,675 - INFO - Concurrency level: 11
2024-05-27 11:38:16,596 - INFO - Cycle number = 1
2024-05-27 11:38:16,621 - INFO - 11 CSV files copied successfully
2024-05-27 11:38:16,621 - ERROR - Cannot read parameters file for EURUSD60, added to list for training. Error: [Errno 2] No such file or directory: '/home/pouria/project/trained_models/EURUSD60_parameters.pkl'
2024-05-27 11:38:16,621 - ERROR - Cannot read parameters file for AUDCAD60, added to list for training. Error: [Errno 2] No such file or directory: '/home/pouria/project/trained_models/AUDCAD60_parameters.pkl'
2024-05-27 11:38:16,622 - ERROR - Cannot read parameters file for AUDCHF60, added to list for training. Error: [Errno 2] No such file or directory: '/home/pouria/project/trained_models/AUDCHF60_parameters.pkl'
2024-05-27 11:38:16,622 - ERROR - Cannot read parameters file for AUDNZD60, added to list for training. Error: [Errno 2] No such file or directory: '/home/pouria/project/trained_models/AUDNZD60_parameters.pkl'
2024-05-27 11:38:16,622 - ERROR - Cannot read parameters file for AUDUSD60, added to list for training. Error: [Errno 2] No such file or directory: '/home/pouria/project/trained_models/AUDUSD60_parameters.pkl'
2024-05-27 11:38:16,622 - ERROR - Cannot read parameters file for EURAUD60, added to list for training. Error: [Errno 2] No such file or directory: '/home/pouria/project/trained_models/EURAUD60_parameters.pkl'
2024-05-27 11:38:16,622 - ERROR - Cannot read parameters file for EURCHF60, added to list for training. Error: [Errno 2] No such file or directory: '/home/pouria/project/trained_models/EURCHF60_parameters.pkl'
2024-05-27 11:38:16,622 - ERROR - Cannot read parameters file for EURGBP60, added to list for training. Error: [Errno 2] No such file or directory: '/home/pouria/project/trained_models/EURGBP60_parameters.pkl'
2024-05-27 11:38:16,622 - ERROR - Cannot read parameters file for GBPUSD60, added to list for training. Error: [Errno 2] No such file or directory: '/home/pouria/project/trained_models/GBPUSD60_parameters.pkl'
2024-05-27 11:38:16,622 - ERROR - Cannot read parameters file for USDCAD60, added to list for training. Error: [Errno 2] No such file or directory: '/home/pouria/project/trained_models/USDCAD60_parameters.pkl'
2024-05-27 11:38:16,622 - ERROR - Cannot read parameters file for USDCHF60, added to list for training. Error: [Errno 2] No such file or directory: '/home/pouria/project/trained_models/USDCHF60_parameters.pkl'
2024-05-27 11:38:16,622 - INFO - Currency list length: 11
2024-05-27 11:38:16,622 - INFO - Concurrency level: 11
2024-05-27 12:09:10,350 - INFO - Cycle number = 1
2024-05-27 12:09:10,378 - INFO - 11 CSV files copied successfully
2024-05-27 12:09:10,378 - ERROR - Cannot read parameters file for EURUSD60, added to list for training. Error: [Errno 2] No such file or directory: '/home/pouria/project/trained_models/EURUSD60_parameters.pkl'
2024-05-27 12:09:10,378 - ERROR - Cannot read parameters file for AUDCAD60, added to list for training. Error: [Errno 2] No such file or directory: '/home/pouria/project/trained_models/AUDCAD60_parameters.pkl'
2024-05-27 12:09:10,378 - ERROR - Cannot read parameters file for AUDCHF60, added to list for training. Error: [Errno 2] No such file or directory: '/home/pouria/project/trained_models/AUDCHF60_parameters.pkl'
2024-05-27 12:09:10,378 - ERROR - Cannot read parameters file for AUDNZD60, added to list for training. Error: [Errno 2] No such file or directory: '/home/pouria/project/trained_models/AUDNZD60_parameters.pkl'
2024-05-27 12:09:10,378 - ERROR - Cannot read parameters file for AUDUSD60, added to list for training. Error: [Errno 2] No such file or directory: '/home/pouria/project/trained_models/AUDUSD60_parameters.pkl'
2024-05-27 12:09:10,379 - ERROR - Cannot read parameters file for EURAUD60, added to list for training. Error: [Errno 2] No such file or directory: '/home/pouria/project/trained_models/EURAUD60_parameters.pkl'
2024-05-27 12:09:10,379 - ERROR - Cannot read parameters file for EURCHF60, added to list for training. Error: [Errno 2] No such file or directory: '/home/pouria/project/trained_models/EURCHF60_parameters.pkl'
2024-05-27 12:09:10,379 - ERROR - Cannot read parameters file for EURGBP60, added to list for training. Error: [Errno 2] No such file or directory: '/home/pouria/project/trained_models/EURGBP60_parameters.pkl'
2024-05-27 12:09:10,379 - ERROR - Cannot read parameters file for GBPUSD60, added to list for training. Error: [Errno 2] No such file or directory: '/home/pouria/project/trained_models/GBPUSD60_parameters.pkl'
2024-05-27 12:09:10,379 - ERROR - Cannot read parameters file for USDCAD60, added to list for training. Error: [Errno 2] No such file or directory: '/home/pouria/project/trained_models/USDCAD60_parameters.pkl'
2024-05-27 12:09:10,379 - ERROR - Cannot read parameters file for USDCHF60, added to list for training. Error: [Errno 2] No such file or directory: '/home/pouria/project/trained_models/USDCHF60_parameters.pkl'
2024-05-27 12:09:10,379 - INFO - Currency list length: 11
2024-05-27 12:09:10,379 - INFO - Concurrency level: 11
2024-05-27 12:49:28,246 - INFO - Cycle number = 1
2024-05-27 12:49:28,267 - INFO - 11 CSV files copied successfully
2024-05-27 12:49:28,267 - ERROR - Cannot read parameters file for EURUSD60, added to list for training. Error: [Errno 2] No such file or directory: '/home/pouria/project/trained_models/EURUSD60_parameters.pkl'
2024-05-27 12:49:28,267 - ERROR - Cannot read parameters file for AUDCAD60, added to list for training. Error: [Errno 2] No such file or directory: '/home/pouria/project/trained_models/AUDCAD60_parameters.pkl'
2024-05-27 12:49:28,267 - ERROR - Cannot read parameters file for AUDCHF60, added to list for training. Error: [Errno 2] No such file or directory: '/home/pouria/project/trained_models/AUDCHF60_parameters.pkl'
2024-05-27 12:49:28,268 - ERROR - Cannot read parameters file for AUDNZD60, added to list for training. Error: [Errno 2] No such file or directory: '/home/pouria/project/trained_models/AUDNZD60_parameters.pkl'
2024-05-27 12:49:28,268 - ERROR - Cannot read parameters file for AUDUSD60, added to list for training. Error: [Errno 2] No such file or directory: '/home/pouria/project/trained_models/AUDUSD60_parameters.pkl'
2024-05-27 12:49:28,268 - ERROR - Cannot read parameters file for EURAUD60, added to list for training. Error: [Errno 2] No such file or directory: '/home/pouria/project/trained_models/EURAUD60_parameters.pkl'
2024-05-27 12:49:28,268 - ERROR - Cannot read parameters file for EURCHF60, added to list for training. Error: [Errno 2] No such file or directory: '/home/pouria/project/trained_models/EURCHF60_parameters.pkl'
2024-05-27 12:49:28,268 - ERROR - Cannot read parameters file for EURGBP60, added to list for training. Error: [Errno 2] No such file or directory: '/home/pouria/project/trained_models/EURGBP60_parameters.pkl'
2024-05-27 12:49:28,268 - ERROR - Cannot read parameters file for GBPUSD60, added to list for training. Error: [Errno 2] No such file or directory: '/home/pouria/project/trained_models/GBPUSD60_parameters.pkl'
2024-05-27 12:49:28,268 - ERROR - Cannot read parameters file for USDCAD60, added to list for training. Error: [Errno 2] No such file or directory: '/home/pouria/project/trained_models/USDCAD60_parameters.pkl'
2024-05-27 12:49:28,268 - ERROR - Cannot read parameters file for USDCHF60, added to list for training. Error: [Errno 2] No such file or directory: '/home/pouria/project/trained_models/USDCHF60_parameters.pkl'
2024-05-27 12:49:28,268 - INFO - Currency list length: 11
2024-05-27 12:49:28,268 - INFO - Concurrency level: 11
2024-05-27 18:51:05,677 - INFO - AUDUSD60 >>> Population: 300 & Generation: -1/70 & Best fitness = [0.6850152905198776]
2024-05-27 18:58:02,186 - INFO - USDCAD60 >>> Population: 300 & Generation: -1/70 & Best fitness = [0]
2024-05-27 18:59:46,386 - INFO - EURUSD60 >>> Population: 300 & Generation: -1/70 & Best fitness = [0.5406427221172023]
2024-05-27 19:01:26,792 - INFO - EURCHF60 >>> Population: 300 & Generation: -1/70 & Best fitness = [0.8138528138528138]
2024-05-27 19:01:43,533 - INFO - AUDNZD60 >>> Population: 300 & Generation: -1/70 & Best fitness = [0.6480446927374302]
2024-05-27 19:02:29,849 - INFO - EURGBP60 >>> Population: 300 & Generation: -1/70 & Best fitness = [0.6382978723404256]
2024-05-27 19:05:02,643 - INFO - AUDCHF60 >>> Population: 300 & Generation: -1/70 & Best fitness = [0.7444444444444445]
2024-05-27 19:07:08,626 - INFO - EURAUD60 >>> Population: 300 & Generation: -1/70 & Best fitness = [0]
2024-05-27 19:07:20,326 - INFO - GBPUSD60 >>> Population: 300 & Generation: -1/70 & Best fitness = [0]
2024-05-27 19:14:20,637 - INFO - AUDCAD60 >>> Population: 300 & Generation: -1/70 & Best fitness = [0.6194690265486725]
2024-05-27 20:15:30,320 - INFO - USDCHF60 >>> Population: 300 & Generation: -1/70 & Best fitness = [0.7018633540372671]
2024-05-27 20:18:55,568 - INFO - AUDUSD60 >>>> start try 5 best fitness for this model
2024-05-27 20:18:55,569 - INFO - Top 1 Individual = [12, 21, 429, 19238, 2006, 52, [3, 5, 8, 12, 13, 14, 15, 16, 19, 21, 22, 23]], Fitness = 0.6850152905198776
2024-05-27 20:18:55,569 - ERROR - Model AUDUSD60 >>>> 1/5 not grather than 0.8
2024-05-27 20:18:55,569 - INFO - Top 2 Individual = [6, 5, 332, 18151, 1099, 66, [3, 5, 6, 7, 8, 10, 11, 13, 16, 18, 19, 20]], Fitness = 0.0
2024-05-27 20:18:55,569 - ERROR - Model AUDUSD60 >>>> 2/5 not grather than 0.8
2024-05-27 20:18:55,569 - INFO - Top 3 Individual = [9, 2, 395, 17861, 2457, 74, [3, 4, 5, 6, 7, 9, 11, 12, 13, 14, 16, 17, 18, 21, 22]], Fitness = 0.0
2024-05-27 20:18:55,569 - ERROR - Model AUDUSD60 >>>> 3/5 not grather than 0.8
2024-05-27 20:18:55,569 - INFO - Top 4 Individual = [2, 20, 295, 15231, 2252, 61, [3, 4, 5, 7, 8, 10, 13, 14, 15, 16, 17, 18, 19, 20, 22, 23]], Fitness = 0.0
2024-05-27 20:18:55,569 - ERROR - Model AUDUSD60 >>>> 4/5 not grather than 0.8
2024-05-27 20:18:55,569 - INFO - Top 5 Individual = [8, 10, 241, 19954, 1853, 61, [3, 4, 6, 7, 9, 11, 12, 14, 15, 16, 17, 18, 19, 20, 21, 22, 23]], Fitness = 0.0
2024-05-27 20:18:55,569 - ERROR - Model AUDUSD60 >>>> 5/5 not grather than 0.8
2024-05-27 20:29:17,419 - INFO - USDCAD60 >>>> start try 5 best fitness for this model
2024-05-27 20:29:17,419 - INFO - Top 1 Individual = [7, 7, 416, 13995, 2606, 73, [3, 5, 6, 7, 8, 9, 12, 13, 14, 15, 16, 17, 18, 20, 23]], Fitness = 0.0
2024-05-27 20:29:17,421 - ERROR - Model USDCAD60 >>>> 1/5 not grather than 0.8
2024-05-27 20:29:17,421 - INFO - Top 2 Individual = [4, 28, 508, 15306, 2156, 70, [4, 5, 6, 7, 8, 10, 12, 13, 14, 15, 16, 17, 19, 20, 21, 22, 23]], Fitness = 0.0
2024-05-27 20:29:17,421 - ERROR - Model USDCAD60 >>>> 2/5 not grather than 0.8
2024-05-27 20:29:17,421 - INFO - Top 3 Individual = [3, 4, 178, 16646, 2519, 56, [3, 4, 5, 6, 7, 8, 9, 10, 11, 16, 17, 18, 19, 20, 21, 23]], Fitness = 0.0
2024-05-27 20:29:17,422 - ERROR - Model USDCAD60 >>>> 3/5 not grather than 0.8
2024-05-27 20:29:17,422 - INFO - Top 4 Individual = [6, 15, 233, 18970, 2026, 52, [3, 4, 6, 9, 10, 12, 14, 15, 17, 20, 22, 23]], Fitness = 0.0
2024-05-27 20:29:17,422 - ERROR - Model USDCAD60 >>>> 4/5 not grather than 0.8
2024-05-27 20:29:17,423 - INFO - Top 5 Individual = [8, 6, 434, 14572, 2590, 74, [3, 4, 5, 6, 7, 8, 9, 10, 11, 12, 13, 15, 16, 18, 20, 21, 22, 23]], Fitness = 0.0
2024-05-27 20:29:17,423 - ERROR - Model USDCAD60 >>>> 5/5 not grather than 0.8
2024-05-27 20:36:32,700 - INFO - EURUSD60 >>>> start try 5 best fitness for this model
2024-05-27 20:36:32,700 - INFO - Top 1 Individual = [8, 30, 57, 16947, 2080, 52, [3, 7, 8, 10, 12, 13, 14, 15, 16, 17, 18, 19, 20, 21, 22, 23]], Fitness = 0.5406427221172023
2024-05-27 20:36:32,702 - ERROR - Model EURUSD60 >>>> 1/5 not grather than 0.8
2024-05-27 20:36:32,702 - INFO - Top 2 Individual = [9, 30, 203, 18962, 2650, 65, [3, 4, 7, 9, 12, 13, 15, 16, 17, 18, 20, 22]], Fitness = 0.0
2024-05-27 20:36:32,702 - ERROR - Model EURUSD60 >>>> 2/5 not grather than 0.8
2024-05-27 20:36:32,702 - INFO - Top 3 Individual = [5, 8, 100, 15885, 2353, 58, [3, 4, 5, 7, 8, 9, 10, 11, 12, 15, 16, 18, 21, 22, 23]], Fitness = 0.0
2024-05-27 20:36:32,702 - ERROR - Model EURUSD60 >>>> 3/5 not grather than 0.8
2024-05-27 20:36:32,702 - INFO - Top 4 Individual = [8, 6, 478, 13335, 1235, 67, [6, 7, 9, 10, 12, 13, 14, 15, 16, 17, 18, 19, 20, 21, 22]], Fitness = 0.0
2024-05-27 20:36:32,702 - ERROR - Model EURUSD60 >>>> 4/5 not grather than 0.8
2024-05-27 20:36:32,702 - INFO - Top 5 Individual = [7, 27, 783, 15942, 2300, 71, [4, 6, 7, 8, 9, 12, 13, 14, 15, 16, 17, 18, 19, 20, 21, 22]], Fitness = 0.0
2024-05-27 20:36:32,702 - ERROR - Model EURUSD60 >>>> 5/5 not grather than 0.8
2024-05-27 21:05:26,153 - INFO - Cycle number = 1
2024-05-27 21:05:26,182 - INFO - 11 CSV files copied successfully
2024-05-27 21:05:26,182 - ERROR - Cannot read parameters file for EURUSD60, added to list for training. Error: [Errno 2] No such file or directory: '/home/pouria/project/trained_models/EURUSD60_parameters.pkl'
2024-05-27 21:05:26,182 - ERROR - Cannot read parameters file for AUDCAD60, added to list for training. Error: [Errno 2] No such file or directory: '/home/pouria/project/trained_models/AUDCAD60_parameters.pkl'
2024-05-27 21:05:26,182 - ERROR - Cannot read parameters file for AUDCHF60, added to list for training. Error: [Errno 2] No such file or directory: '/home/pouria/project/trained_models/AUDCHF60_parameters.pkl'
2024-05-27 21:05:26,183 - ERROR - Cannot read parameters file for AUDNZD60, added to list for training. Error: [Errno 2] No such file or directory: '/home/pouria/project/trained_models/AUDNZD60_parameters.pkl'
2024-05-27 21:05:26,183 - ERROR - Cannot read parameters file for AUDUSD60, added to list for training. Error: [Errno 2] No such file or directory: '/home/pouria/project/trained_models/AUDUSD60_parameters.pkl'
2024-05-27 21:05:26,183 - ERROR - Cannot read parameters file for EURAUD60, added to list for training. Error: [Errno 2] No such file or directory: '/home/pouria/project/trained_models/EURAUD60_parameters.pkl'
2024-05-27 21:05:26,183 - ERROR - Cannot read parameters file for EURCHF60, added to list for training. Error: [Errno 2] No such file or directory: '/home/pouria/project/trained_models/EURCHF60_parameters.pkl'
2024-05-27 21:05:26,183 - ERROR - Cannot read parameters file for EURGBP60, added to list for training. Error: [Errno 2] No such file or directory: '/home/pouria/project/trained_models/EURGBP60_parameters.pkl'
2024-05-27 21:05:26,184 - ERROR - Cannot read parameters file for GBPUSD60, added to list for training. Error: [Errno 2] No such file or directory: '/home/pouria/project/trained_models/GBPUSD60_parameters.pkl'
2024-05-27 21:05:26,184 - ERROR - Cannot read parameters file for USDCAD60, added to list for training. Error: [Errno 2] No such file or directory: '/home/pouria/project/trained_models/USDCAD60_parameters.pkl'
2024-05-27 21:05:26,184 - ERROR - Cannot read parameters file for USDCHF60, added to list for training. Error: [Errno 2] No such file or directory: '/home/pouria/project/trained_models/USDCHF60_parameters.pkl'
2024-05-27 21:05:26,184 - INFO - Currency list length: 11
2024-05-27 21:05:26,184 - INFO - Concurrency level: 11
2024-05-28 03:21:02,077 - INFO - AUDUSD60 >>> Population: 300 & Generation: 0/70 & Best fitness = [0.6407766990291263]
2024-05-28 03:23:40,007 - INFO - EURCHF60 >>> Population: 300 & Generation: 0/70 & Best fitness = [0.7164179104477612]
2024-05-28 03:24:19,425 - INFO - EURUSD60 >>> Population: 300 & Generation: 0/70 & Best fitness = [0.6157635467980296]
2024-05-28 03:25:53,548 - INFO - GBPUSD60 >>> Population: 300 & Generation: 0/70 & Best fitness = [0]
2024-05-28 03:39:32,665 - INFO - AUDCHF60 >>> Population: 300 & Generation: 0/70 & Best fitness = [0.7967479674796748]
2024-05-28 03:44:29,319 - INFO - EURAUD60 >>> Population: 300 & Generation: 0/70 & Best fitness = [0.6498194945848376]
2024-05-28 03:47:58,489 - INFO - AUDNZD60 >>> Population: 300 & Generation: 0/70 & Best fitness = [0.6333333333333333]
2024-05-28 03:50:37,159 - INFO - EURGBP60 >>> Population: 300 & Generation: 0/70 & Best fitness = [0.7604562737642585]
2024-05-28 03:52:55,776 - INFO - USDCAD60 >>> Population: 300 & Generation: 0/70 & Best fitness = [0.7163120567375887]
2024-05-28 03:54:54,603 - INFO - USDCHF60 >>> Population: 300 & Generation: 0/70 & Best fitness = [0.75]
2024-05-28 04:45:50,889 - INFO - AUDUSD60 >>> Population: 300 & Generation: 0/70 & Best fitness = [0.6285714285714286]
2024-05-28 05:01:31,292 - INFO - AUDCAD60 >>> Population: 300 & Generation: 0/70 & Best fitness = [0.6292682926829268]
2024-05-28 05:02:15,856 - INFO - EURCHF60 >>> Population: 300 & Generation: 0/70 & Best fitness = [0.7160493827160493]
2024-05-28 05:26:49,273 - INFO - EURUSD60 >>> Population: 300 & Generation: 0/70 & Best fitness = [0.6271186440677966]
2024-05-28 05:29:28,057 - INFO - GBPUSD60 >>> Population: 300 & Generation: 0/70 & Best fitness = [0]
2024-05-28 05:48:02,812 - INFO - AUDCHF60 >>> Population: 300 & Generation: 0/70 & Best fitness = [0.8292682926829268]
2024-05-28 05:57:40,365 - INFO - EURAUD60 >>> Population: 300 & Generation: 0/70 & Best fitness = [0.4672897196261682]
2024-05-28 06:21:56,326 - INFO - AUDNZD60 >>> Population: 300 & Generation: 0/70 & Best fitness = [0]
2024-05-28 06:32:23,126 - INFO - EURGBP60 >>> Population: 300 & Generation: 0/70 & Best fitness = [0]
2024-05-28 06:53:48,265 - INFO - USDCAD60 >>> Population: 300 & Generation: 0/70 & Best fitness = [0]
2024-05-28 07:08:29,012 - INFO - USDCHF60 >>> Population: 300 & Generation: 0/70 & Best fitness = [0.5803921568627451]
2024-05-28 07:34:59,663 - INFO - AUDUSD60 >>> Population: 300 & Generation: 1/70 & Best fitness = [0.7104477611940299]
2024-05-28 07:47:01,570 - INFO - AUDCAD60 >>> Population: 300 & Generation: 0/70 & Best fitness = [0.6972477064220184]
2024-05-28 08:09:52,201 - INFO - EURUSD60 >>> Population: 300 & Generation: 1/70 & Best fitness = [0.6038961038961039]
2024-05-28 08:30:20,855 - INFO - EURCHF60 >>> Population: 300 & Generation: 1/70 & Best fitness = [0.6666666666666667]
2024-05-28 08:36:39,858 - INFO - GBPUSD60 >>> Population: 300 & Generation: 1/70 & Best fitness = [0]
2024-05-28 08:47:07,640 - INFO - AUDCHF60 >>> Population: 300 & Generation: 1/70 & Best fitness = [0.7377777777777778]
2024-05-28 08:56:49,298 - INFO - EURAUD60 >>> Population: 300 & Generation: 1/70 & Best fitness = [0]
2024-05-28 09:08:49,783 - INFO - Cycle number = 1
2024-05-28 09:08:49,813 - INFO - 11 CSV files copied successfully
2024-05-28 09:08:49,814 - ERROR - Cannot read parameters file for EURUSD60, added to list for training. Error: [Errno 2] No such file or directory: '/home/pouria/project/trained_models/EURUSD60_parameters.pkl'
2024-05-28 09:08:49,814 - ERROR - Cannot read parameters file for AUDCAD60, added to list for training. Error: [Errno 2] No such file or directory: '/home/pouria/project/trained_models/AUDCAD60_parameters.pkl'
2024-05-28 09:08:49,814 - ERROR - Cannot read parameters file for AUDCHF60, added to list for training. Error: [Errno 2] No such file or directory: '/home/pouria/project/trained_models/AUDCHF60_parameters.pkl'
2024-05-28 09:08:49,814 - ERROR - Cannot read parameters file for AUDNZD60, added to list for training. Error: [Errno 2] No such file or directory: '/home/pouria/project/trained_models/AUDNZD60_parameters.pkl'
2024-05-28 09:08:49,815 - ERROR - Cannot read parameters file for AUDUSD60, added to list for training. Error: [Errno 2] No such file or directory: '/home/pouria/project/trained_models/AUDUSD60_parameters.pkl'
2024-05-28 09:08:49,815 - ERROR - Cannot read parameters file for EURAUD60, added to list for training. Error: [Errno 2] No such file or directory: '/home/pouria/project/trained_models/EURAUD60_parameters.pkl'
2024-05-28 09:08:49,815 - ERROR - Cannot read parameters file for EURCHF60, added to list for training. Error: [Errno 2] No such file or directory: '/home/pouria/project/trained_models/EURCHF60_parameters.pkl'
2024-05-28 09:08:49,815 - ERROR - Cannot read parameters file for EURGBP60, added to list for training. Error: [Errno 2] No such file or directory: '/home/pouria/project/trained_models/EURGBP60_parameters.pkl'
2024-05-28 09:08:49,815 - ERROR - Cannot read parameters file for GBPUSD60, added to list for training. Error: [Errno 2] No such file or directory: '/home/pouria/project/trained_models/GBPUSD60_parameters.pkl'
2024-05-28 09:08:49,816 - ERROR - Cannot read parameters file for USDCAD60, added to list for training. Error: [Errno 2] No such file or directory: '/home/pouria/project/trained_models/USDCAD60_parameters.pkl'
2024-05-28 09:08:49,816 - ERROR - Cannot read parameters file for USDCHF60, added to list for training. Error: [Errno 2] No such file or directory: '/home/pouria/project/trained_models/USDCHF60_parameters.pkl'
2024-05-28 09:08:49,816 - INFO - Currency list length: 11
2024-05-28 09:08:49,816 - INFO - Concurrency level: 11
2024-05-28 12:15:57,323 - INFO - Cycle number = 1
2024-05-28 12:15:57,349 - INFO - 11 CSV files copied successfully
2024-05-28 12:15:57,349 - ERROR - Cannot read parameters file for EURUSD60, added to list for training. Error: [Errno 2] No such file or directory: '/home/pouria/project/trained_models/EURUSD60_parameters.pkl'
2024-05-28 12:15:57,349 - ERROR - Cannot read parameters file for AUDCAD60, added to list for training. Error: [Errno 2] No such file or directory: '/home/pouria/project/trained_models/AUDCAD60_parameters.pkl'
2024-05-28 12:15:57,350 - ERROR - Cannot read parameters file for AUDCHF60, added to list for training. Error: [Errno 2] No such file or directory: '/home/pouria/project/trained_models/AUDCHF60_parameters.pkl'
2024-05-28 12:15:57,350 - ERROR - Cannot read parameters file for AUDNZD60, added to list for training. Error: [Errno 2] No such file or directory: '/home/pouria/project/trained_models/AUDNZD60_parameters.pkl'
2024-05-28 12:15:57,350 - ERROR - Cannot read parameters file for AUDUSD60, added to list for training. Error: [Errno 2] No such file or directory: '/home/pouria/project/trained_models/AUDUSD60_parameters.pkl'
2024-05-28 12:15:57,350 - ERROR - Cannot read parameters file for EURAUD60, added to list for training. Error: [Errno 2] No such file or directory: '/home/pouria/project/trained_models/EURAUD60_parameters.pkl'
2024-05-28 12:15:57,350 - ERROR - Cannot read parameters file for EURCHF60, added to list for training. Error: [Errno 2] No such file or directory: '/home/pouria/project/trained_models/EURCHF60_parameters.pkl'
2024-05-28 12:15:57,350 - ERROR - Cannot read parameters file for EURGBP60, added to list for training. Error: [Errno 2] No such file or directory: '/home/pouria/project/trained_models/EURGBP60_parameters.pkl'
2024-05-28 12:15:57,350 - ERROR - Cannot read parameters file for GBPUSD60, added to list for training. Error: [Errno 2] No such file or directory: '/home/pouria/project/trained_models/GBPUSD60_parameters.pkl'
2024-05-28 12:15:57,351 - ERROR - Cannot read parameters file for USDCAD60, added to list for training. Error: [Errno 2] No such file or directory: '/home/pouria/project/trained_models/USDCAD60_parameters.pkl'
2024-05-28 12:15:57,351 - ERROR - Cannot read parameters file for USDCHF60, added to list for training. Error: [Errno 2] No such file or directory: '/home/pouria/project/trained_models/USDCHF60_parameters.pkl'
2024-05-28 12:15:57,351 - INFO - Currency list length: 11
2024-05-28 12:15:57,351 - INFO - Concurrency level: 11
2024-05-28 18:17:01,894 - INFO - AUDCAD60 >>> Population: 300 & Generation: 0/70 & Best fitness = [0.6936936936936937]
2024-05-28 18:19:24,384 - INFO - AUDCHF60 >>> Population: 300 & Generation: 0/70 & Best fitness = [0.7972972972972973]
